Analysis & Elaboration report for FPGAController
Sat May 24 21:40:23 2025
Quartus Prime Version 20.1.1 Build 720 11/11/2020 SJ Lite Edition


---------------------
; Table of Contents ;
---------------------
  1. Legal Notice
  2. Analysis & Elaboration Summary
  3. Parallel Compilation
  4. Analysis & Elaboration Settings
  5. Port Connectivity Checks: "Spi_slave_module:spi_unit"
  6. Port Connectivity Checks: "alu:aluu|multiplier:mult_module|full_adder:fa9"
  7. Port Connectivity Checks: "alu:aluu|multiplier:mult_module|full_adder:fa6"
  8. Port Connectivity Checks: "alu:aluu|multiplier:mult_module|full_adder:fa3"
  9. Port Connectivity Checks: "alu:aluu|multiplier:mult_module|full_adder:fa1"
 10. Port Connectivity Checks: "alu:aluu|sub_4bit:sub_module|full_adder:fa0"
 11. Port Connectivity Checks: "alu:aluu"
 12. Analysis & Elaboration Messages



----------------
; Legal Notice ;
----------------
Copyright (C) 2020  Intel Corporation. All rights reserved.
Your use of Intel Corporation's design tools, logic functions 
and other software and tools, and any partner logic 
functions, and any output files from any of the foregoing 
(including device programming or simulation files), and any 
associated documentation or information are expressly subject 
to the terms and conditions of the Intel Program License 
Subscription Agreement, the Intel Quartus Prime License Agreement,
the Intel FPGA IP License Agreement, or other applicable license
agreement, including, without limitation, that your use is for
the sole purpose of programming logic devices manufactured by
Intel and sold by Intel or its authorized distributors.  Please
refer to the applicable agreement for further details, at
https://fpgasoftware.intel.com/eula.



+-----------------------------------------------------------------------------+
; Analysis & Elaboration Summary                                              ;
+-------------------------------+---------------------------------------------+
; Analysis & Elaboration Status ; Successful - Sat May 24 21:40:23 2025       ;
; Quartus Prime Version         ; 20.1.1 Build 720 11/11/2020 SJ Lite Edition ;
; Revision Name                 ; FPGAController                              ;
; Top-level Entity Name         ; FpgaController                              ;
; Family                        ; Cyclone V                                   ;
; Logic utilization (in ALMs)   ; N/A until Partition Merge                   ;
; Total registers               ; N/A until Partition Merge                   ;
; Total pins                    ; N/A until Partition Merge                   ;
; Total virtual pins            ; N/A until Partition Merge                   ;
; Total block memory bits       ; N/A until Partition Merge                   ;
; Total PLLs                    ; N/A until Partition Merge                   ;
; Total DLLs                    ; N/A until Partition Merge                   ;
+-------------------------------+---------------------------------------------+


+------------------------------------------+
; Parallel Compilation                     ;
+----------------------------+-------------+
; Processors                 ; Number      ;
+----------------------------+-------------+
; Number detected on machine ; 16          ;
; Maximum allowed            ; 10          ;
;                            ;             ;
; Average used               ; 1.00        ;
; Maximum used               ; 1           ;
;                            ;             ;
; Usage by Processor         ; % Time Used ;
;     Processor 1            ; 100.0%      ;
+----------------------------+-------------+


+---------------------------------------------------------------------------------------------------------------------------+
; Analysis & Elaboration Settings                                                                                           ;
+---------------------------------------------------------------------------------+--------------------+--------------------+
; Option                                                                          ; Setting            ; Default Value      ;
+---------------------------------------------------------------------------------+--------------------+--------------------+
; Device                                                                          ; 5CSXFC6D6F31C6     ;                    ;
; Top-level entity name                                                           ; FpgaController     ; FPGAController     ;
; Family name                                                                     ; Cyclone V          ; Cyclone V          ;
; Use smart compilation                                                           ; Off                ; Off                ;
; Enable parallel Assembler and Timing Analyzer during compilation                ; On                 ; On                 ;
; Enable compact report table                                                     ; Off                ; Off                ;
; Restructure Multiplexers                                                        ; Auto               ; Auto               ;
; MLAB Add Timing Constraints For Mixed-Port Feed-Through Mode Setting Don't Care ; Off                ; Off                ;
; Create Debugging Nodes for IP Cores                                             ; Off                ; Off                ;
; Preserve fewer node names                                                       ; On                 ; On                 ;
; Intel FPGA IP Evaluation Mode                                                   ; Enable             ; Enable             ;
; Verilog Version                                                                 ; Verilog_2001       ; Verilog_2001       ;
; VHDL Version                                                                    ; VHDL_1993          ; VHDL_1993          ;
; State Machine Processing                                                        ; Auto               ; Auto               ;
; Safe State Machine                                                              ; Off                ; Off                ;
; Extract Verilog State Machines                                                  ; On                 ; On                 ;
; Extract VHDL State Machines                                                     ; On                 ; On                 ;
; Ignore Verilog initial constructs                                               ; Off                ; Off                ;
; Iteration limit for constant Verilog loops                                      ; 5000               ; 5000               ;
; Iteration limit for non-constant Verilog loops                                  ; 250                ; 250                ;
; Add Pass-Through Logic to Inferred RAMs                                         ; On                 ; On                 ;
; Infer RAMs from Raw Logic                                                       ; On                 ; On                 ;
; Parallel Synthesis                                                              ; On                 ; On                 ;
; DSP Block Balancing                                                             ; Auto               ; Auto               ;
; NOT Gate Push-Back                                                              ; On                 ; On                 ;
; Power-Up Don't Care                                                             ; On                 ; On                 ;
; Remove Redundant Logic Cells                                                    ; Off                ; Off                ;
; Remove Duplicate Registers                                                      ; On                 ; On                 ;
; Ignore CARRY Buffers                                                            ; Off                ; Off                ;
; Ignore CASCADE Buffers                                                          ; Off                ; Off                ;
; Ignore GLOBAL Buffers                                                           ; Off                ; Off                ;
; Ignore ROW GLOBAL Buffers                                                       ; Off                ; Off                ;
; Ignore LCELL Buffers                                                            ; Off                ; Off                ;
; Ignore SOFT Buffers                                                             ; On                 ; On                 ;
; Limit AHDL Integers to 32 Bits                                                  ; Off                ; Off                ;
; Optimization Technique                                                          ; Balanced           ; Balanced           ;
; Carry Chain Length                                                              ; 70                 ; 70                 ;
; Auto Carry Chains                                                               ; On                 ; On                 ;
; Auto Open-Drain Pins                                                            ; On                 ; On                 ;
; Perform WYSIWYG Primitive Resynthesis                                           ; Off                ; Off                ;
; Auto ROM Replacement                                                            ; On                 ; On                 ;
; Auto RAM Replacement                                                            ; On                 ; On                 ;
; Auto DSP Block Replacement                                                      ; On                 ; On                 ;
; Auto Shift Register Replacement                                                 ; Auto               ; Auto               ;
; Allow Shift Register Merging across Hierarchies                                 ; Auto               ; Auto               ;
; Auto Clock Enable Replacement                                                   ; On                 ; On                 ;
; Strict RAM Replacement                                                          ; Off                ; Off                ;
; Allow Synchronous Control Signals                                               ; On                 ; On                 ;
; Force Use of Synchronous Clear Signals                                          ; Off                ; Off                ;
; Auto Resource Sharing                                                           ; Off                ; Off                ;
; Allow Any RAM Size For Recognition                                              ; Off                ; Off                ;
; Allow Any ROM Size For Recognition                                              ; Off                ; Off                ;
; Allow Any Shift Register Size For Recognition                                   ; Off                ; Off                ;
; Use LogicLock Constraints during Resource Balancing                             ; On                 ; On                 ;
; Ignore translate_off and synthesis_off directives                               ; Off                ; Off                ;
; Timing-Driven Synthesis                                                         ; On                 ; On                 ;
; Report Parameter Settings                                                       ; On                 ; On                 ;
; Report Source Assignments                                                       ; On                 ; On                 ;
; Report Connectivity Checks                                                      ; On                 ; On                 ;
; Ignore Maximum Fan-Out Assignments                                              ; Off                ; Off                ;
; Synchronization Register Chain Length                                           ; 3                  ; 3                  ;
; Power Optimization During Synthesis                                             ; Normal compilation ; Normal compilation ;
; HDL message level                                                               ; Level2             ; Level2             ;
; Suppress Register Optimization Related Messages                                 ; Off                ; Off                ;
; Number of Removed Registers Reported in Synthesis Report                        ; 5000               ; 5000               ;
; Number of Swept Nodes Reported in Synthesis Report                              ; 5000               ; 5000               ;
; Number of Inverted Registers Reported in Synthesis Report                       ; 100                ; 100                ;
; Clock MUX Protection                                                            ; On                 ; On                 ;
; Auto Gated Clock Conversion                                                     ; Off                ; Off                ;
; Block Design Naming                                                             ; Auto               ; Auto               ;
; SDC constraint protection                                                       ; Off                ; Off                ;
; Synthesis Effort                                                                ; Auto               ; Auto               ;
; Shift Register Replacement - Allow Asynchronous Clear Signal                    ; On                 ; On                 ;
; Pre-Mapping Resynthesis Optimization                                            ; Off                ; Off                ;
; Analysis & Synthesis Message Level                                              ; Medium             ; Medium             ;
; Disable Register Merging Across Hierarchies                                     ; Auto               ; Auto               ;
; Resource Aware Inference For Block RAM                                          ; On                 ; On                 ;
; Automatic Parallel Synthesis                                                    ; On                 ; On                 ;
; Partial Reconfiguration Bitstream ID                                            ; Off                ; Off                ;
+---------------------------------------------------------------------------------+--------------------+--------------------+


+------------------------------------------------------------------------------------------------------------------------------+
; Port Connectivity Checks: "Spi_slave_module:spi_unit"                                                                        ;
+--------------------+--------+----------+-------------------------------------------------------------------------------------+
; Port               ; Type   ; Severity ; Details                                                                             ;
+--------------------+--------+----------+-------------------------------------------------------------------------------------+
; spi_data_valid_out ; Output ; Info     ; Connected to dangling logic. Logic that only feeds a dangling port will be removed. ;
+--------------------+--------+----------+-------------------------------------------------------------------------------------+


+----------------------------------------------------------------------------+
; Port Connectivity Checks: "alu:aluu|multiplier:mult_module|full_adder:fa9" ;
+------+-------+----------+--------------------------------------------------+
; Port ; Type  ; Severity ; Details                                          ;
+------+-------+----------+--------------------------------------------------+
; cin  ; Input ; Info     ; Stuck at GND                                     ;
+------+-------+----------+--------------------------------------------------+


+----------------------------------------------------------------------------+
; Port Connectivity Checks: "alu:aluu|multiplier:mult_module|full_adder:fa6" ;
+------+-------+----------+--------------------------------------------------+
; Port ; Type  ; Severity ; Details                                          ;
+------+-------+----------+--------------------------------------------------+
; cin  ; Input ; Info     ; Stuck at GND                                     ;
+------+-------+----------+--------------------------------------------------+


+----------------------------------------------------------------------------+
; Port Connectivity Checks: "alu:aluu|multiplier:mult_module|full_adder:fa3" ;
+------+-------+----------+--------------------------------------------------+
; Port ; Type  ; Severity ; Details                                          ;
+------+-------+----------+--------------------------------------------------+
; cin  ; Input ; Info     ; Stuck at GND                                     ;
+------+-------+----------+--------------------------------------------------+


+----------------------------------------------------------------------------+
; Port Connectivity Checks: "alu:aluu|multiplier:mult_module|full_adder:fa1" ;
+------+-------+----------+--------------------------------------------------+
; Port ; Type  ; Severity ; Details                                          ;
+------+-------+----------+--------------------------------------------------+
; cin  ; Input ; Info     ; Stuck at GND                                     ;
+------+-------+----------+--------------------------------------------------+


+-------------------------------------------------------------------------+
; Port Connectivity Checks: "alu:aluu|sub_4bit:sub_module|full_adder:fa0" ;
+------+-------+----------+-----------------------------------------------+
; Port ; Type  ; Severity ; Details                                       ;
+------+-------+----------+-----------------------------------------------+
; cin  ; Input ; Info     ; Stuck at VCC                                  ;
+------+-------+----------+-----------------------------------------------+


+-------------------------------------------------------------------------------------------------------------------+
; Port Connectivity Checks: "alu:aluu"                                                                              ;
+---------+--------+----------+-------------------------------------------------------------------------------------+
; Port    ; Type   ; Severity ; Details                                                                             ;
+---------+--------+----------+-------------------------------------------------------------------------------------+
; B[3..2] ; Input  ; Info     ; Stuck at GND                                                                        ;
; result  ; Output ; Info     ; Connected to dangling logic. Logic that only feeds a dangling port will be removed. ;
; Z       ; Output ; Info     ; Connected to dangling logic. Logic that only feeds a dangling port will be removed. ;
; C       ; Output ; Info     ; Connected to dangling logic. Logic that only feeds a dangling port will be removed. ;
; V       ; Output ; Info     ; Connected to dangling logic. Logic that only feeds a dangling port will be removed. ;
; S       ; Output ; Info     ; Connected to dangling logic. Logic that only feeds a dangling port will be removed. ;
+---------+--------+----------+-------------------------------------------------------------------------------------+


+---------------------------------+
; Analysis & Elaboration Messages ;
+---------------------------------+
Info: *******************************************************************
Info: Running Quartus Prime Analysis & Elaboration
    Info: Version 20.1.1 Build 720 11/11/2020 SJ Lite Edition
    Info: Processing started: Sat May 24 21:40:15 2025
Info: Command: quartus_map --read_settings_files=on --write_settings_files=off FPGAController -c FPGAController --analysis_and_elaboration
Warning (18236): Number of processors has not been specified which may cause overloading on shared machines.  Set the global assignment NUM_PARALLEL_PROCESSORS in your QSF to an appropriate value for best performance.
Info (20030): Parallel compilation is enabled and will use 10 of the 10 processors detected
Info (12021): Found 1 design units, including 1 entities, in source file xor_4bits.sv
    Info (12023): Found entity 1: xor_4bits File: C:/Users/gonza/proyectos funda/CRodriguez_compu_archi_found_2G1_2025/FPGAController/xor_4bits.sv Line: 1
Info (12021): Found 1 design units, including 1 entities, in source file simple_frequency_divider.sv
    Info (12023): Found entity 1: Simple_frequency_divider File: C:/Users/gonza/proyectos funda/CRodriguez_compu_archi_found_2G1_2025/FPGAController/Simple_frequency_divider.sv Line: 8
Info (12021): Found 1 design units, including 1 entities, in source file and_4bits.sv
    Info (12023): Found entity 1: and_4bits File: C:/Users/gonza/proyectos funda/CRodriguez_compu_archi_found_2G1_2025/FPGAController/and_4bits.sv Line: 1
Info (12021): Found 1 design units, including 1 entities, in source file spi_slave_module.sv
    Info (12023): Found entity 1: Spi_slave_module File: C:/Users/gonza/proyectos funda/CRodriguez_compu_archi_found_2G1_2025/FPGAController/Spi_slave_module.sv Line: 1
Info (12021): Found 1 design units, including 1 entities, in source file fpgacontroller.sv
    Info (12023): Found entity 1: FpgaController File: C:/Users/gonza/proyectos funda/CRodriguez_compu_archi_found_2G1_2025/FPGAController/FpgaController.sv Line: 1
Info (12021): Found 1 design units, including 1 entities, in source file spi_slave_tb.sv
    Info (12023): Found entity 1: Spi_slave_tb File: C:/Users/gonza/proyectos funda/CRodriguez_compu_archi_found_2G1_2025/FPGAController/Spi_slave_tb.sv Line: 4
Info (12021): Found 1 design units, including 1 entities, in source file hex_to_7seg_decoder.sv
    Info (12023): Found entity 1: Hex_to_7seg_decoder File: C:/Users/gonza/proyectos funda/CRodriguez_compu_archi_found_2G1_2025/FPGAController/Hex_to_7seg_decoder.sv Line: 1
Info (12021): Found 1 design units, including 1 entities, in source file fpgaselftester.sv
    Info (12023): Found entity 1: FpgaSelfTester File: C:/Users/gonza/proyectos funda/CRodriguez_compu_archi_found_2G1_2025/FPGAController/FpgaSelfTester.sv Line: 5
Info (12021): Found 1 design units, including 1 entities, in source file firtsdecoder_4to2bits.sv
    Info (12023): Found entity 1: FirtsDecoder_4to2bits File: C:/Users/gonza/proyectos funda/CRodriguez_compu_archi_found_2G1_2025/FPGAController/FirtsDecoder_4to2bits.sv Line: 7
Info (12021): Found 1 design units, including 1 entities, in source file multiplier.sv
    Info (12023): Found entity 1: multiplier File: C:/Users/gonza/proyectos funda/CRodriguez_compu_archi_found_2G1_2025/FPGAController/multiplier.sv Line: 1
Info (12021): Found 1 design units, including 1 entities, in source file full_adder.sv
    Info (12023): Found entity 1: full_adder File: C:/Users/gonza/proyectos funda/CRodriguez_compu_archi_found_2G1_2025/FPGAController/full_adder.sv Line: 1
Info (12021): Found 1 design units, including 1 entities, in source file sub_4bit.sv
    Info (12023): Found entity 1: sub_4bit File: C:/Users/gonza/proyectos funda/CRodriguez_compu_archi_found_2G1_2025/FPGAController/sub_4bit.sv Line: 1
Info (12021): Found 1 design units, including 1 entities, in source file alu.sv
    Info (12023): Found entity 1: alu File: C:/Users/gonza/proyectos funda/CRodriguez_compu_archi_found_2G1_2025/FPGAController/alu.sv Line: 1
Info (12021): Found 1 design units, including 1 entities, in source file alu_tb.sv
    Info (12023): Found entity 1: alu_tb File: C:/Users/gonza/proyectos funda/CRodriguez_compu_archi_found_2G1_2025/FPGAController/alu_tb.sv Line: 3
Info (12127): Elaborating entity "FpgaController" for the top level hierarchy
Warning (10034): Output port "leds" at FpgaController.sv(19) has no driver File: C:/Users/gonza/proyectos funda/CRodriguez_compu_archi_found_2G1_2025/FPGAController/FpgaController.sv Line: 19
Info (12128): Elaborating entity "FirtsDecoder_4to2bits" for hierarchy "FirtsDecoder_4to2bits:decoder_inst" File: C:/Users/gonza/proyectos funda/CRodriguez_compu_archi_found_2G1_2025/FPGAController/FpgaController.sv Line: 50
Info (12128): Elaborating entity "alu" for hierarchy "alu:aluu" File: C:/Users/gonza/proyectos funda/CRodriguez_compu_archi_found_2G1_2025/FPGAController/FpgaController.sv Line: 72
Info (12128): Elaborating entity "and_4bits" for hierarchy "alu:aluu|and_4bits:and_gate" File: C:/Users/gonza/proyectos funda/CRodriguez_compu_archi_found_2G1_2025/FPGAController/alu.sv Line: 24
Info (12128): Elaborating entity "xor_4bits" for hierarchy "alu:aluu|xor_4bits:xor_gate" File: C:/Users/gonza/proyectos funda/CRodriguez_compu_archi_found_2G1_2025/FPGAController/alu.sv Line: 30
Info (12128): Elaborating entity "sub_4bit" for hierarchy "alu:aluu|sub_4bit:sub_module" File: C:/Users/gonza/proyectos funda/CRodriguez_compu_archi_found_2G1_2025/FPGAController/alu.sv Line: 37
Info (12128): Elaborating entity "full_adder" for hierarchy "alu:aluu|sub_4bit:sub_module|full_adder:fa0" File: C:/Users/gonza/proyectos funda/CRodriguez_compu_archi_found_2G1_2025/FPGAController/sub_4bit.sv Line: 21
Info (12128): Elaborating entity "multiplier" for hierarchy "alu:aluu|multiplier:mult_module" File: C:/Users/gonza/proyectos funda/CRodriguez_compu_archi_found_2G1_2025/FPGAController/alu.sv Line: 43
Info (12128): Elaborating entity "Spi_slave_module" for hierarchy "Spi_slave_module:spi_unit" File: C:/Users/gonza/proyectos funda/CRodriguez_compu_archi_found_2G1_2025/FPGAController/FpgaController.sv Line: 86
Warning (10036): Verilog HDL or VHDL warning at Spi_slave_module.sv(88): object "load_miso_condition" assigned a value but never read File: C:/Users/gonza/proyectos funda/CRodriguez_compu_archi_found_2G1_2025/FPGAController/Spi_slave_module.sv Line: 88
Warning (10036): Verilog HDL or VHDL warning at Spi_slave_module.sv(89): object "byte_to_send_on_miso" assigned a value but never read File: C:/Users/gonza/proyectos funda/CRodriguez_compu_archi_found_2G1_2025/FPGAController/Spi_slave_module.sv Line: 89
Info (12128): Elaborating entity "Hex_to_7seg_decoder" for hierarchy "Hex_to_7seg_decoder:bcd_decoder_unit" File: C:/Users/gonza/proyectos funda/CRodriguez_compu_archi_found_2G1_2025/FPGAController/FpgaController.sv Line: 94
Info: Quartus Prime Analysis & Elaboration was successful. 0 errors, 4 warnings
    Info: Peak virtual memory: 4776 megabytes
    Info: Processing ended: Sat May 24 21:40:23 2025
    Info: Elapsed time: 00:00:08
    Info: Total CPU time (on all processors): 00:00:20


